2025-06-25 13:34:01,854 - __main__ - INFO - 系统初始化...
2025-06-25 13:34:01,857 - __main__ - INFO - 开始加载数据...
2025-06-25 13:34:01,867 - __main__ - INFO - 进行数据质量分析...
2025-06-25 13:34:01,884 - __main__ - INFO - 进行数据清洗...
2025-06-25 13:34:01,887 - __main__ - INFO - 数据处理完成。原始数据: (1000, 8), 清洗后数据: (1000, 8)
2025-06-25 13:34:01,887 - __main__ - INFO - 开始综合分析...
2025-06-25 13:34:01,889 - __main__ - INFO - 进行物理约束验证...
2025-06-25 13:34:02,028 - __main__ - INFO - 进行异常检测...
2025-06-25 13:34:02,335 - __main__ - INFO - 进行稳态识别...
2025-06-25 13:34:02,353 - __main__ - INFO - 进行相似工况分析...
2025-06-25 13:34:05,021 - __main__ - INFO - 综合分析完成
2025-06-25 13:34:05,021 - __main__ - INFO - 开始生成分析报告...
2025-06-25 13:34:05,709 - utils.visualization - ERROR - 生成异常检测图表时出错: arrays used as indices must be of integer or boolean type
2025-06-25 13:34:07,368 - utils.report_generator - INFO - PDF报告已生成: reports\analysis_report_20250625_133406.pdf
2025-06-25 13:34:07,369 - __main__ - INFO - 报告已保存至: reports\analysis_report_20250625_133406.pdf
2025-06-25 13:34:07,369 - __main__ - INFO - 分析完成，报告已生成
2025-06-25 13:35:31,166 - __main__ - INFO - 系统初始化...
2025-06-25 13:35:31,169 - __main__ - INFO - 开始加载数据...
2025-06-25 13:35:31,179 - __main__ - INFO - 进行数据质量分析...
2025-06-25 13:35:31,199 - __main__ - INFO - 进行数据清洗...
2025-06-25 13:35:31,202 - __main__ - INFO - 数据处理完成。原始数据: (1000, 8), 清洗后数据: (1000, 8)
2025-06-25 13:35:31,202 - __main__ - INFO - 开始综合分析...
2025-06-25 13:35:31,203 - __main__ - INFO - 进行物理约束验证...
2025-06-25 13:35:31,345 - __main__ - INFO - 进行异常检测...
2025-06-25 13:35:31,655 - __main__ - INFO - 进行稳态识别...
2025-06-25 13:35:31,662 - __main__ - INFO - 进行相似工况分析...
2025-06-25 13:35:34,296 - __main__ - INFO - 综合分析完成
2025-06-25 13:35:34,296 - __main__ - INFO - 开始生成分析报告...
2025-06-25 13:35:35,061 - utils.visualization - ERROR - 生成异常检测图表时出错: arrays used as indices must be of integer or boolean type
2025-06-25 13:35:36,705 - utils.report_generator - INFO - PDF报告已生成: reports\analysis_report_20250625_133535.pdf
2025-06-25 13:35:36,706 - __main__ - INFO - 报告已保存至: reports\analysis_report_20250625_133535.pdf
2025-06-25 13:35:36,706 - __main__ - INFO - 分析完成，报告已生成
2025-06-25 13:36:53,434 - __main__ - INFO - 系统初始化...
2025-06-25 13:36:53,436 - __main__ - ERROR - 组件初始化失败: 'seaborn-white' is not a valid package style, path of style file, URL of style file, or library style name (library styles are listed in `style.available`)
2025-06-25 13:36:53,436 - __main__ - ERROR - 程序运行出错: 'seaborn-white' is not a valid package style, path of style file, URL of style file, or library style name (library styles are listed in `style.available`)
2025-06-25 13:37:36,583 - __main__ - INFO - 系统初始化...
2025-06-25 13:37:36,586 - __main__ - ERROR - 组件初始化失败: 'seaborn-white' is not a valid package style, path of style file, URL of style file, or library style name (library styles are listed in `style.available`)
2025-06-25 13:37:36,586 - __main__ - ERROR - 程序运行出错: 'seaborn-white' is not a valid package style, path of style file, URL of style file, or library style name (library styles are listed in `style.available`)
2025-06-25 13:38:26,838 - __main__ - INFO - 系统初始化...
2025-06-25 13:38:26,843 - __main__ - INFO - 开始加载数据...
2025-06-25 13:38:26,852 - __main__ - INFO - 进行数据质量分析...
2025-06-25 13:38:26,870 - __main__ - INFO - 进行数据清洗...
2025-06-25 13:38:26,874 - __main__ - INFO - 数据处理完成。原始数据: (1000, 8), 清洗后数据: (1000, 8)
2025-06-25 13:38:26,874 - __main__ - INFO - 开始综合分析...
2025-06-25 13:38:26,875 - __main__ - INFO - 进行物理约束验证...
2025-06-25 13:38:27,019 - __main__ - INFO - 进行异常检测...
2025-06-25 13:38:27,356 - __main__ - INFO - 进行稳态识别...
2025-06-25 13:38:27,364 - __main__ - INFO - 进行相似工况分析...
2025-06-25 13:38:30,012 - __main__ - INFO - 综合分析完成
2025-06-25 13:38:30,012 - __main__ - INFO - 开始生成分析报告...
2025-06-25 13:38:30,928 - utils.visualization - ERROR - 生成异常检测图表时出错: arrays used as indices must be of integer or boolean type
2025-06-25 13:38:31,326 - utils.visualization - ERROR - 生成分析图表时出错: 'Visualizer' object has no attribute '_plot_operation_patterns'
2025-06-25 13:38:31,820 - utils.report_generator - INFO - PDF报告已生成: reports\analysis_report_20250625_133831.pdf
2025-06-25 13:38:31,820 - __main__ - INFO - 报告已保存至: reports\analysis_report_20250625_133831.pdf
2025-06-25 13:38:31,820 - __main__ - INFO - 分析完成，报告已生成
2025-06-25 16:02:22,428 - __main__ - INFO - 系统初始化...
2025-06-25 16:02:22,431 - __main__ - INFO - 开始加载数据...
2025-06-25 16:02:22,443 - __main__ - INFO - 进行数据质量分析...
2025-06-25 16:02:22,461 - __main__ - INFO - 进行数据清洗...
2025-06-25 16:02:22,464 - __main__ - INFO - 数据处理完成。原始数据: (1000, 8), 清洗后数据: (1000, 8)
2025-06-25 16:02:22,465 - __main__ - INFO - 开始综合分析...
2025-06-25 16:02:22,465 - __main__ - INFO - 进行物理约束验证...
2025-06-25 16:02:22,603 - __main__ - INFO - 进行异常检测...
2025-06-25 16:02:22,895 - __main__ - INFO - 进行稳态识别...
2025-06-25 16:02:22,902 - __main__ - INFO - 进行相似工况分析...
2025-06-25 16:02:25,616 - __main__ - INFO - 综合分析完成
2025-06-25 16:02:25,616 - __main__ - INFO - 开始生成分析报告...
2025-06-25 16:02:26,419 - utils.visualization - ERROR - 生成异常检测图表时出错: arrays used as indices must be of integer or boolean type
2025-06-25 16:02:28,375 - utils.report_generator - INFO - PDF报告已生成: reports\analysis_report_20250625_160227.pdf
2025-06-25 16:02:28,375 - __main__ - INFO - 报告已保存至: reports\analysis_report_20250625_160227.pdf
2025-06-25 16:02:28,376 - __main__ - INFO - 分析完成，报告已生成
2025-06-25 16:03:36,031 - __main__ - INFO - 系统初始化...
2025-06-25 16:03:36,035 - __main__ - INFO - 开始加载数据...
2025-06-25 16:03:36,049 - __main__ - INFO - 进行数据质量分析...
2025-06-25 16:03:36,069 - __main__ - INFO - 进行数据清洗...
2025-06-25 16:03:36,072 - __main__ - INFO - 数据处理完成。原始数据: (1000, 8), 清洗后数据: (1000, 8)
2025-06-25 16:03:36,072 - __main__ - INFO - 开始综合分析...
2025-06-25 16:03:36,074 - __main__ - INFO - 进行物理约束验证...
2025-06-25 16:03:36,225 - __main__ - INFO - 进行异常检测...
2025-06-25 16:03:36,551 - __main__ - INFO - 进行稳态识别...
2025-06-25 16:03:36,558 - __main__ - INFO - 进行相似工况分析...
2025-06-25 16:03:39,290 - __main__ - INFO - 综合分析完成
2025-06-25 16:03:39,291 - __main__ - INFO - 开始生成分析报告...
2025-06-25 16:03:40,118 - utils.visualization - ERROR - 生成异常检测图表时出错: arrays used as indices must be of integer or boolean type
2025-06-25 16:03:41,983 - utils.report_generator - INFO - PDF报告已生成: reports\analysis_report_20250625_160340.pdf
2025-06-25 16:03:41,984 - __main__ - INFO - 报告已保存至: reports\analysis_report_20250625_160340.pdf
2025-06-25 16:03:41,984 - __main__ - INFO - 分析完成，报告已生成
2025-06-25 16:04:49,247 - __main__ - INFO - 系统初始化...
2025-06-25 16:04:49,251 - __main__ - INFO - 开始加载数据...
2025-06-25 16:04:49,260 - __main__ - INFO - 进行数据质量分析...
2025-06-25 16:04:49,278 - __main__ - INFO - 进行数据清洗...
2025-06-25 16:04:49,281 - __main__ - INFO - 数据处理完成。原始数据: (1000, 8), 清洗后数据: (1000, 8)
2025-06-25 16:04:49,281 - __main__ - INFO - 开始综合分析...
2025-06-25 16:04:49,282 - __main__ - INFO - 进行物理约束验证...
2025-06-25 16:04:49,415 - __main__ - INFO - 进行异常检测...
2025-06-25 16:04:49,715 - __main__ - INFO - 进行稳态识别...
2025-06-25 16:04:49,731 - __main__ - INFO - 进行相似工况分析...
2025-06-25 16:04:52,340 - __main__ - INFO - 综合分析完成
2025-06-25 16:04:52,340 - __main__ - INFO - 开始生成分析报告...
2025-06-25 16:04:53,126 - utils.visualization - ERROR - 生成异常检测图表时出错: arrays used as indices must be of integer or boolean type
2025-06-25 16:04:54,917 - utils.report_generator - INFO - PDF报告已生成: reports\analysis_report_20250625_160453.pdf
2025-06-25 16:04:54,919 - __main__ - INFO - 报告已保存至: reports\analysis_report_20250625_160453.pdf
2025-06-25 16:04:54,919 - __main__ - INFO - 分析完成，报告已生成
2025-06-25 16:06:17,153 - __main__ - INFO - 系统初始化...
2025-06-25 16:06:17,156 - __main__ - INFO - 开始加载数据...
2025-06-25 16:06:17,165 - __main__ - INFO - 进行数据质量分析...
2025-06-25 16:06:17,184 - __main__ - INFO - 进行数据清洗...
2025-06-25 16:06:17,188 - __main__ - INFO - 数据处理完成。原始数据: (1000, 8), 清洗后数据: (1000, 8)
2025-06-25 16:06:17,188 - __main__ - INFO - 开始综合分析...
2025-06-25 16:06:17,188 - __main__ - INFO - 进行物理约束验证...
2025-06-25 16:06:17,328 - __main__ - INFO - 进行异常检测...
2025-06-25 16:06:17,640 - __main__ - INFO - 进行稳态识别...
2025-06-25 16:06:17,649 - __main__ - INFO - 进行相似工况分析...
2025-06-25 16:06:20,281 - __main__ - INFO - 综合分析完成
2025-06-25 16:06:20,281 - __main__ - INFO - 开始生成分析报告...
2025-06-25 16:06:21,073 - utils.visualization - ERROR - 生成异常检测图表时出错: arrays used as indices must be of integer or boolean type
2025-06-25 16:06:22,899 - utils.report_generator - INFO - PDF报告已生成: reports\analysis_report_20250625_160621.pdf
2025-06-25 16:06:22,899 - __main__ - INFO - 报告已保存至: reports\analysis_report_20250625_160621.pdf
2025-06-25 16:06:22,899 - __main__ - INFO - 分析完成，报告已生成
2025-06-25 16:12:41,335 - __main__ - INFO - 系统初始化...
2025-06-25 16:12:41,339 - __main__ - INFO - 开始加载数据...
2025-06-25 16:12:41,348 - __main__ - INFO - 进行数据质量分析...
2025-06-25 16:12:41,370 - __main__ - INFO - 进行数据清洗...
2025-06-25 16:12:41,373 - __main__ - INFO - 数据处理完成。原始数据: (1000, 8), 清洗后数据: (1000, 8)
2025-06-25 16:12:41,374 - __main__ - INFO - 开始综合分析...
2025-06-25 16:12:41,374 - __main__ - INFO - 进行物理约束验证...
2025-06-25 16:12:41,531 - __main__ - INFO - 进行异常检测...
2025-06-25 16:12:41,847 - __main__ - INFO - 进行稳态识别...
2025-06-25 16:12:41,853 - __main__ - INFO - 进行相似工况分析...
2025-06-25 16:12:44,435 - __main__ - INFO - 综合分析完成
2025-06-25 16:12:44,435 - __main__ - INFO - 开始生成分析报告...
2025-06-25 16:12:45,173 - utils.visualization - ERROR - 生成异常检测图表时出错: arrays used as indices must be of integer or boolean type
2025-06-25 16:12:46,961 - utils.report_generator - INFO - PDF报告已生成: reports\analysis_report_20250625_161245.pdf
2025-06-25 16:12:46,961 - __main__ - INFO - 报告已保存至: reports\analysis_report_20250625_161245.pdf
2025-06-25 16:12:46,961 - __main__ - INFO - 分析完成，报告已生成
2025-06-25 16:23:43,239 - __main__ - INFO - 系统初始化...
2025-06-25 16:23:43,252 - __main__ - INFO - 开始加载数据...
2025-06-25 16:23:43,273 - __main__ - INFO - 进行数据质量分析...
2025-06-25 16:23:43,292 - __main__ - INFO - 进行数据清洗...
2025-06-25 16:23:43,295 - __main__ - INFO - 数据处理完成。原始数据: (1000, 8), 清洗后数据: (1000, 8)
2025-06-25 16:23:43,296 - __main__ - INFO - 开始综合分析...
2025-06-25 16:23:43,296 - __main__ - INFO - 进行物理约束验证...
2025-06-25 16:23:43,436 - __main__ - INFO - 进行异常检测...
2025-06-25 16:23:43,747 - __main__ - INFO - 进行稳态识别...
2025-06-25 16:23:43,754 - __main__ - INFO - 进行相似工况分析...
2025-06-25 16:23:46,514 - __main__ - INFO - 综合分析完成
2025-06-25 16:23:46,515 - __main__ - INFO - 开始生成分析报告...
2025-06-25 16:23:47,269 - utils.visualization - ERROR - 生成异常检测图表时出错: arrays used as indices must be of integer or boolean type
2025-06-25 16:23:49,131 - utils.report_generator - INFO - PDF报告已生成: reports\analysis_report_20250625_162347.pdf
2025-06-25 16:23:49,131 - __main__ - INFO - 报告已保存至: reports\analysis_report_20250625_162347.pdf
2025-06-25 16:23:49,132 - __main__ - INFO - 分析完成，报告已生成
2025-06-25 16:29:47,938 - __main__ - INFO - 系统初始化...
2025-06-25 16:29:47,941 - __main__ - INFO - 开始加载数据...
2025-06-25 16:29:47,951 - __main__ - INFO - 进行数据质量分析...
2025-06-25 16:29:47,969 - __main__ - INFO - 进行数据清洗...
2025-06-25 16:29:47,973 - __main__ - INFO - 数据处理完成。原始数据: (1000, 8), 清洗后数据: (1000, 8)
2025-06-25 16:29:47,973 - __main__ - INFO - 开始综合分析...
2025-06-25 16:29:47,974 - __main__ - INFO - 进行物理约束验证...
2025-06-25 16:29:48,118 - __main__ - INFO - 进行异常检测...
2025-06-25 16:29:48,431 - __main__ - INFO - 进行稳态识别...
2025-06-25 16:29:48,439 - __main__ - INFO - 进行相似工况分析...
2025-06-25 16:29:51,092 - __main__ - INFO - 综合分析完成
2025-06-25 16:29:51,092 - __main__ - INFO - 开始生成分析报告...
2025-06-25 16:29:54,222 - utils.report_generator - INFO - PDF报告已生成: reports\analysis_report_20250625_162952.pdf
2025-06-25 16:29:54,223 - __main__ - INFO - 报告已保存至: reports\analysis_report_20250625_162952.pdf
2025-06-25 16:29:54,223 - __main__ - INFO - 分析完成，报告已生成
2025-06-25 16:32:40,700 - __main__ - INFO - 系统初始化...
2025-06-25 16:32:40,704 - __main__ - INFO - 开始加载数据...
2025-06-25 16:32:40,712 - __main__ - INFO - 进行数据质量分析...
2025-06-25 16:32:40,732 - __main__ - INFO - 进行数据清洗...
2025-06-25 16:32:40,735 - __main__ - INFO - 数据处理完成。原始数据: (1000, 8), 清洗后数据: (1000, 8)
2025-06-25 16:32:40,736 - __main__ - INFO - 开始综合分析...
2025-06-25 16:32:40,736 - __main__ - INFO - 进行物理约束验证...
2025-06-25 16:32:40,874 - __main__ - INFO - 进行异常检测...
2025-06-25 16:32:41,183 - __main__ - INFO - 进行稳态识别...
2025-06-25 16:32:41,191 - __main__ - INFO - 进行相似工况分析...
2025-06-25 16:32:43,897 - __main__ - INFO - 综合分析完成
2025-06-25 16:32:43,897 - __main__ - INFO - 开始生成分析报告...
2025-06-25 16:32:47,054 - utils.report_generator - INFO - PDF报告已生成: reports\analysis_report_20250625_163245.pdf
2025-06-25 16:32:47,054 - __main__ - INFO - 报告已保存至: reports\analysis_report_20250625_163245.pdf
2025-06-25 16:32:47,055 - __main__ - INFO - 分析完成，报告已生成
2025-06-25 16:33:23,898 - __main__ - INFO - 系统初始化...
2025-06-25 16:33:23,901 - __main__ - INFO - 开始加载数据...
2025-06-25 16:33:23,911 - __main__ - INFO - 进行数据质量分析...
2025-06-25 16:33:23,931 - __main__ - INFO - 进行数据清洗...
2025-06-25 16:33:23,934 - __main__ - INFO - 数据处理完成。原始数据: (1000, 8), 清洗后数据: (1000, 8)
2025-06-25 16:33:23,935 - __main__ - INFO - 开始综合分析...
2025-06-25 16:33:23,935 - __main__ - INFO - 进行物理约束验证...
2025-06-25 16:33:24,080 - __main__ - INFO - 进行异常检测...
2025-06-25 16:33:24,391 - __main__ - INFO - 进行稳态识别...
2025-06-25 16:33:24,398 - __main__ - INFO - 进行相似工况分析...
2025-06-25 16:33:27,013 - __main__ - INFO - 综合分析完成
2025-06-25 16:33:27,013 - __main__ - INFO - 开始生成分析报告...
2025-06-25 16:33:30,130 - utils.report_generator - INFO - PDF报告已生成: reports\analysis_report_20250625_163328.pdf
2025-06-25 16:33:30,131 - __main__ - INFO - 报告已保存至: reports\analysis_report_20250625_163328.pdf
2025-06-25 16:33:30,131 - __main__ - INFO - 分析完成，报告已生成
2025-06-25 16:34:22,253 - __main__ - INFO - 系统初始化...
2025-06-25 16:34:22,256 - __main__ - INFO - 开始加载数据...
2025-06-25 16:34:22,266 - __main__ - INFO - 进行数据质量分析...
2025-06-25 16:34:22,284 - __main__ - INFO - 进行数据清洗...
2025-06-25 16:34:22,288 - __main__ - INFO - 数据处理完成。原始数据: (1000, 8), 清洗后数据: (1000, 8)
2025-06-25 16:34:22,288 - __main__ - INFO - 开始综合分析...
2025-06-25 16:34:22,288 - __main__ - INFO - 进行物理约束验证...
2025-06-25 16:34:22,433 - __main__ - INFO - 进行异常检测...
2025-06-25 16:34:22,762 - __main__ - INFO - 进行稳态识别...
2025-06-25 16:34:22,770 - __main__ - INFO - 进行相似工况分析...
2025-06-25 16:34:25,359 - __main__ - INFO - 综合分析完成
2025-06-25 16:34:25,359 - __main__ - INFO - 开始生成分析报告...
2025-06-25 16:34:28,402 - utils.report_generator - INFO - PDF报告已生成: reports\analysis_report_20250625_163427.pdf
2025-06-25 16:34:28,403 - __main__ - INFO - 报告已保存至: reports\analysis_report_20250625_163427.pdf
2025-06-25 16:34:28,404 - __main__ - INFO - 分析完成，报告已生成
2025-06-25 16:38:28,051 - __main__ - INFO - 系统初始化...
2025-06-25 16:38:28,054 - __main__ - INFO - 开始加载数据...
2025-06-25 16:38:28,063 - __main__ - INFO - 进行数据质量分析...
2025-06-25 16:38:28,084 - __main__ - INFO - 进行数据清洗...
2025-06-25 16:38:28,088 - __main__ - INFO - 数据处理完成。原始数据: (1000, 8), 清洗后数据: (1000, 8)
2025-06-25 16:38:28,088 - __main__ - INFO - 开始综合分析...
2025-06-25 16:38:28,089 - __main__ - INFO - 进行物理约束验证...
2025-06-25 16:38:28,231 - __main__ - INFO - 进行异常检测...
2025-06-25 16:38:28,538 - __main__ - INFO - 进行稳态识别...
2025-06-25 16:38:28,549 - __main__ - INFO - 进行相似工况分析...
2025-06-25 16:38:31,123 - __main__ - INFO - 综合分析完成
2025-06-25 16:38:31,124 - __main__ - INFO - 开始生成分析报告...
2025-06-25 16:38:34,164 - utils.report_generator - INFO - PDF报告已生成: reports\analysis_report_20250625_163832.pdf
2025-06-25 16:38:34,166 - __main__ - INFO - 报告已保存至: reports\analysis_report_20250625_163832.pdf
2025-06-25 16:38:34,166 - __main__ - INFO - 分析完成，报告已生成
2025-06-30 14:21:44,019 - __main__ - INFO - 系统初始化...
2025-06-30 14:21:44,023 - __main__ - INFO - 开始加载数据...
2025-06-30 14:21:44,052 - __main__ - INFO - 进行数据质量分析...
2025-06-30 14:21:44,069 - __main__ - INFO - 进行数据清洗...
2025-06-30 14:21:44,073 - __main__ - INFO - 数据处理完成。原始数据: (1000, 8), 清洗后数据: (1000, 8)
2025-06-30 14:21:44,073 - __main__ - INFO - 开始综合分析...
2025-06-30 14:21:44,073 - __main__ - INFO - 进行物理约束验证...
2025-06-30 14:21:44,215 - __main__ - INFO - 进行异常检测...
2025-06-30 14:21:44,546 - __main__ - INFO - 进行稳态识别...
2025-06-30 14:21:44,557 - __main__ - INFO - 进行相似工况分析...
2025-06-30 14:21:47,278 - __main__ - INFO - 综合分析完成
2025-06-30 14:21:47,278 - __main__ - INFO - 开始生成分析报告...
2025-06-30 14:21:50,381 - utils.report_generator - INFO - PDF报告已生成: reports\analysis_report_20250630_142149.pdf
2025-06-30 14:21:50,381 - __main__ - INFO - 报告已保存至: reports\analysis_report_20250630_142149.pdf
2025-06-30 14:21:50,381 - __main__ - INFO - 分析完成，报告已生成
2025-06-30 14:33:25,555 - __main__ - INFO - 系统初始化...
2025-06-30 14:33:25,559 - __main__ - INFO - 开始加载数据...
2025-06-30 14:33:25,568 - __main__ - INFO - 进行数据质量分析...
2025-06-30 14:33:25,591 - __main__ - INFO - 进行数据清洗...
2025-06-30 14:33:25,594 - __main__ - INFO - 数据处理完成。原始数据: (1000, 8), 清洗后数据: (1000, 8)
2025-06-30 14:33:25,595 - __main__ - INFO - 开始综合分析...
2025-06-30 14:33:25,595 - __main__ - INFO - 进行物理约束验证...
2025-06-30 14:33:25,740 - __main__ - INFO - 进行异常检测...
2025-06-30 14:33:26,046 - __main__ - INFO - 进行稳态识别...
2025-06-30 14:33:26,054 - __main__ - INFO - 进行相似工况分析...
2025-06-30 14:33:28,757 - __main__ - INFO - 综合分析完成
2025-06-30 14:33:28,758 - __main__ - INFO - 开始生成分析报告...
2025-06-30 14:33:31,895 - utils.report_generator - INFO - PDF报告已生成: reports\analysis_report_20250630_143330.pdf
2025-06-30 14:33:31,895 - __main__ - INFO - 报告已保存至: reports\analysis_report_20250630_143330.pdf
2025-06-30 14:33:31,896 - __main__ - INFO - 分析完成，报告已生成
2025-06-30 14:36:25,485 - __main__ - INFO - 系统初始化...
2025-06-30 14:36:25,488 - __main__ - INFO - 开始加载数据...
2025-06-30 14:36:25,500 - __main__ - INFO - 进行数据质量分析...
2025-06-30 14:36:25,517 - __main__ - INFO - 进行数据清洗...
2025-06-30 14:36:25,521 - __main__ - INFO - 数据处理完成。原始数据: (1000, 8), 清洗后数据: (1000, 8)
2025-06-30 14:36:25,521 - __main__ - INFO - 开始综合分析...
2025-06-30 14:36:25,521 - __main__ - INFO - 进行物理约束验证...
2025-06-30 14:36:25,668 - __main__ - INFO - 进行异常检测...
2025-06-30 14:36:25,983 - __main__ - INFO - 进行稳态识别...
2025-06-30 14:36:25,992 - __main__ - INFO - 进行相似工况分析...
2025-06-30 14:36:28,673 - __main__ - INFO - 综合分析完成
2025-06-30 14:36:28,673 - __main__ - INFO - 开始生成分析报告...
2025-06-30 14:36:31,849 - utils.report_generator - INFO - PDF报告已生成: reports\analysis_report_20250630_143630.pdf
2025-06-30 14:36:31,850 - __main__ - INFO - 报告已保存至: reports\analysis_report_20250630_143630.pdf
2025-06-30 14:36:31,850 - __main__ - INFO - 分析完成，报告已生成
2025-06-30 14:41:31,396 - __main__ - INFO - 系统初始化...
2025-06-30 14:41:31,399 - __main__ - INFO - 开始加载数据...
2025-06-30 14:41:31,419 - __main__ - INFO - 进行数据质量分析...
2025-06-30 14:41:31,436 - __main__ - INFO - 进行数据清洗...
2025-06-30 14:41:31,439 - __main__ - INFO - 数据处理完成。原始数据: (1000, 8), 清洗后数据: (1000, 8)
2025-06-30 14:41:31,439 - __main__ - INFO - 开始综合分析...
2025-06-30 14:41:31,440 - __main__ - INFO - 进行物理约束验证...
2025-06-30 14:41:31,573 - __main__ - INFO - 进行异常检测...
2025-06-30 14:41:31,875 - __main__ - INFO - 进行稳态识别...
2025-06-30 14:41:31,883 - __main__ - INFO - 进行相似工况分析...
2025-06-30 14:41:34,795 - __main__ - INFO - 综合分析完成
2025-06-30 14:41:34,795 - __main__ - INFO - 开始生成分析报告...
2025-06-30 14:41:35,076 - utils.visualization - ERROR - 生成数据质量图表时出错: "'#E6E6E6' is not a known colormap name"
2025-06-30 14:41:37,383 - utils.report_generator - INFO - PDF报告已生成: reports\analysis_report_20250630_144136.pdf
2025-06-30 14:41:37,384 - __main__ - INFO - 报告已保存至: reports\analysis_report_20250630_144136.pdf
2025-06-30 14:41:37,384 - __main__ - INFO - 分析完成，报告已生成
2025-06-30 14:43:07,042 - __main__ - INFO - 系统初始化...
2025-06-30 14:43:07,046 - __main__ - INFO - 开始加载数据...
2025-06-30 14:43:07,062 - __main__ - INFO - 进行数据质量分析...
2025-06-30 14:43:07,094 - __main__ - INFO - 进行数据清洗...
2025-06-30 14:43:07,099 - __main__ - INFO - 数据处理完成。原始数据: (1000, 8), 清洗后数据: (1000, 8)
2025-06-30 14:43:07,099 - __main__ - INFO - 开始综合分析...
2025-06-30 14:43:07,100 - __main__ - INFO - 进行物理约束验证...
2025-06-30 14:43:07,255 - __main__ - INFO - 进行异常检测...
2025-06-30 14:43:07,578 - __main__ - INFO - 进行稳态识别...
2025-06-30 14:43:07,585 - __main__ - INFO - 进行相似工况分析...
2025-06-30 14:43:10,254 - __main__ - INFO - 综合分析完成
2025-06-30 14:43:10,254 - __main__ - INFO - 开始生成分析报告...
2025-06-30 14:43:13,088 - utils.report_generator - INFO - PDF报告已生成: reports\analysis_report_20250630_144311.pdf
2025-06-30 14:43:13,088 - __main__ - INFO - 报告已保存至: reports\analysis_report_20250630_144311.pdf
2025-06-30 14:43:13,088 - __main__ - INFO - 分析完成，报告已生成
2025-06-30 14:43:55,526 - __main__ - INFO - 系统初始化...
2025-06-30 14:43:55,531 - __main__ - INFO - 开始加载数据...
2025-06-30 14:43:55,542 - __main__ - INFO - 进行数据质量分析...
2025-06-30 14:43:55,564 - __main__ - INFO - 进行数据清洗...
2025-06-30 14:43:55,569 - __main__ - INFO - 数据处理完成。原始数据: (1000, 8), 清洗后数据: (1000, 8)
2025-06-30 14:43:55,569 - __main__ - INFO - 开始综合分析...
2025-06-30 14:43:55,569 - __main__ - INFO - 进行物理约束验证...
2025-06-30 14:43:55,732 - __main__ - INFO - 进行异常检测...
2025-06-30 14:43:56,062 - __main__ - INFO - 进行稳态识别...
2025-06-30 14:43:56,075 - __main__ - INFO - 进行相似工况分析...
2025-06-30 14:43:58,769 - __main__ - INFO - 综合分析完成
2025-06-30 14:43:58,770 - __main__ - INFO - 开始生成分析报告...
2025-06-30 14:44:01,784 - utils.report_generator - INFO - PDF报告已生成: reports\analysis_report_20250630_144400.pdf
2025-06-30 14:44:01,785 - __main__ - INFO - 报告已保存至: reports\analysis_report_20250630_144400.pdf
2025-06-30 14:44:01,785 - __main__ - INFO - 分析完成，报告已生成
2025-06-30 14:44:50,683 - __main__ - INFO - 系统初始化...
2025-06-30 14:44:50,686 - __main__ - INFO - 开始加载数据...
2025-06-30 14:44:50,696 - __main__ - INFO - 进行数据质量分析...
2025-06-30 14:44:50,716 - __main__ - INFO - 进行数据清洗...
2025-06-30 14:44:50,720 - __main__ - INFO - 数据处理完成。原始数据: (1000, 8), 清洗后数据: (1000, 8)
2025-06-30 14:44:50,720 - __main__ - INFO - 开始综合分析...
2025-06-30 14:44:50,720 - __main__ - INFO - 进行物理约束验证...
2025-06-30 14:44:50,862 - __main__ - INFO - 进行异常检测...
2025-06-30 14:44:51,177 - __main__ - INFO - 进行稳态识别...
2025-06-30 14:44:51,184 - __main__ - INFO - 进行相似工况分析...
2025-06-30 14:44:53,816 - __main__ - INFO - 综合分析完成
2025-06-30 14:44:53,816 - __main__ - INFO - 开始生成分析报告...
2025-06-30 14:44:57,026 - utils.report_generator - INFO - PDF报告已生成: reports\analysis_report_20250630_144455.pdf
2025-06-30 14:44:57,026 - __main__ - INFO - 报告已保存至: reports\analysis_report_20250630_144455.pdf
2025-06-30 14:44:57,026 - __main__ - INFO - 分析完成，报告已生成
2025-06-30 14:45:57,738 - __main__ - INFO - 系统初始化...
2025-06-30 14:45:57,742 - __main__ - INFO - 开始加载数据...
2025-06-30 14:45:57,750 - __main__ - INFO - 进行数据质量分析...
2025-06-30 14:45:57,769 - __main__ - INFO - 进行数据清洗...
2025-06-30 14:45:57,774 - __main__ - INFO - 数据处理完成。原始数据: (1000, 8), 清洗后数据: (1000, 8)
2025-06-30 14:45:57,774 - __main__ - INFO - 开始综合分析...
2025-06-30 14:45:57,774 - __main__ - INFO - 进行物理约束验证...
2025-06-30 14:45:57,913 - __main__ - INFO - 进行异常检测...
2025-06-30 14:45:58,228 - __main__ - INFO - 进行稳态识别...
2025-06-30 14:45:58,236 - __main__ - INFO - 进行相似工况分析...
2025-06-30 14:46:00,811 - __main__ - INFO - 综合分析完成
2025-06-30 14:46:00,811 - __main__ - INFO - 开始生成分析报告...
2025-06-30 14:46:03,888 - utils.report_generator - INFO - PDF报告已生成: reports\analysis_report_20250630_144602.pdf
2025-06-30 14:46:03,888 - __main__ - INFO - 报告已保存至: reports\analysis_report_20250630_144602.pdf
2025-06-30 14:46:03,889 - __main__ - INFO - 分析完成，报告已生成
2025-06-30 14:47:42,734 - __main__ - INFO - 系统初始化...
2025-06-30 14:47:42,737 - __main__ - INFO - 开始加载数据...
2025-06-30 14:47:42,746 - __main__ - INFO - 进行数据质量分析...
2025-06-30 14:47:42,764 - __main__ - INFO - 进行数据清洗...
2025-06-30 14:47:42,768 - __main__ - INFO - 数据处理完成。原始数据: (1000, 8), 清洗后数据: (1000, 8)
2025-06-30 14:47:42,768 - __main__ - INFO - 开始综合分析...
2025-06-30 14:47:42,768 - __main__ - INFO - 进行物理约束验证...
2025-06-30 14:47:42,905 - __main__ - INFO - 进行异常检测...
2025-06-30 14:47:43,210 - __main__ - INFO - 进行稳态识别...
2025-06-30 14:47:43,216 - __main__ - INFO - 进行相似工况分析...
2025-06-30 14:47:45,977 - __main__ - INFO - 综合分析完成
2025-06-30 14:47:45,977 - __main__ - INFO - 开始生成分析报告...
2025-06-30 14:47:49,005 - utils.report_generator - INFO - PDF报告已生成: reports\analysis_report_20250630_144747.pdf
2025-06-30 14:47:49,006 - __main__ - INFO - 报告已保存至: reports\analysis_report_20250630_144747.pdf
2025-06-30 14:47:49,006 - __main__ - INFO - 分析完成，报告已生成
2025-06-30 14:51:46,960 - __main__ - INFO - 系统初始化...
2025-06-30 14:51:46,963 - __main__ - INFO - 开始加载数据...
2025-06-30 14:51:46,972 - __main__ - INFO - 进行数据质量分析...
2025-06-30 14:51:46,990 - __main__ - INFO - 进行数据清洗...
2025-06-30 14:51:46,993 - __main__ - INFO - 数据处理完成。原始数据: (1000, 8), 清洗后数据: (1000, 8)
2025-06-30 14:51:46,994 - __main__ - INFO - 开始综合分析...
2025-06-30 14:51:46,994 - __main__ - INFO - 进行物理约束验证...
2025-06-30 14:51:47,131 - __main__ - INFO - 进行异常检测...
2025-06-30 14:51:47,430 - __main__ - INFO - 进行稳态识别...
2025-06-30 14:51:47,438 - __main__ - INFO - 进行相似工况分析...
2025-06-30 14:51:49,980 - __main__ - INFO - 综合分析完成
2025-06-30 14:51:49,980 - __main__ - INFO - 开始生成分析报告...
2025-06-30 14:51:52,866 - utils.report_generator - INFO - PDF报告已生成: reports\analysis_report_20250630_145151.pdf
2025-06-30 14:51:52,867 - __main__ - INFO - 报告已保存至: reports\analysis_report_20250630_145151.pdf
2025-06-30 14:51:52,867 - __main__ - INFO - 分析完成，报告已生成
2025-06-30 14:55:21,759 - __main__ - INFO - 系统初始化...
2025-06-30 14:55:21,762 - __main__ - INFO - 开始加载数据...
2025-06-30 14:55:21,771 - __main__ - INFO - 进行数据质量分析...
2025-06-30 14:55:21,791 - __main__ - INFO - 进行数据清洗...
2025-06-30 14:55:21,793 - __main__ - INFO - 数据处理完成。原始数据: (1000, 8), 清洗后数据: (1000, 8)
2025-06-30 14:55:21,794 - __main__ - INFO - 开始综合分析...
2025-06-30 14:55:21,794 - __main__ - INFO - 进行物理约束验证...
2025-06-30 14:55:21,942 - __main__ - INFO - 进行异常检测...
2025-06-30 14:55:22,249 - __main__ - INFO - 进行稳态识别...
2025-06-30 14:55:22,256 - __main__ - INFO - 进行相似工况分析...
2025-06-30 14:55:24,860 - __main__ - INFO - 综合分析完成
2025-06-30 14:55:24,861 - __main__ - INFO - 开始生成分析报告...
2025-06-30 14:55:27,739 - utils.report_generator - INFO - PDF报告已生成: reports\analysis_report_20250630_145526.pdf
2025-06-30 14:55:27,739 - __main__ - INFO - 报告已保存至: reports\analysis_report_20250630_145526.pdf
2025-06-30 14:55:27,740 - __main__ - INFO - 分析完成，报告已生成
2025-06-30 15:05:05,048 - __main__ - INFO - 系统初始化...
2025-06-30 15:05:05,052 - __main__ - INFO - 开始加载数据...
2025-06-30 15:05:05,060 - __main__ - INFO - 进行数据质量分析...
2025-06-30 15:05:05,079 - __main__ - INFO - 进行数据清洗...
2025-06-30 15:05:05,083 - __main__ - INFO - 数据处理完成。原始数据: (1000, 8), 清洗后数据: (1000, 8)
2025-06-30 15:05:05,083 - __main__ - INFO - 开始综合分析...
2025-06-30 15:05:05,083 - __main__ - INFO - 进行物理约束验证...
2025-06-30 15:05:05,218 - __main__ - INFO - 进行异常检测...
2025-06-30 15:05:05,506 - __main__ - INFO - 进行稳态识别...
2025-06-30 15:05:05,513 - __main__ - INFO - 进行相似工况分析...
2025-06-30 15:05:08,122 - __main__ - INFO - 综合分析完成
2025-06-30 15:05:08,122 - __main__ - INFO - 开始生成分析报告...
2025-06-30 15:05:11,114 - utils.report_generator - INFO - PDF报告已生成: reports\analysis_report_20250630_150509.pdf
2025-06-30 15:05:11,114 - __main__ - INFO - 报告已保存至: reports\analysis_report_20250630_150509.pdf
2025-06-30 15:05:11,114 - __main__ - INFO - 分析完成，报告已生成
2025-06-30 15:21:04,305 - __main__ - INFO - 系统初始化...
2025-06-30 15:21:04,308 - __main__ - INFO - 开始加载数据...
2025-06-30 15:21:04,316 - __main__ - INFO - 进行数据质量分析...
2025-06-30 15:21:04,339 - __main__ - INFO - 进行数据清洗...
2025-06-30 15:21:04,342 - __main__ - INFO - 数据处理完成。原始数据: (1000, 8), 清洗后数据: (1000, 8)
2025-06-30 15:21:04,342 - __main__ - INFO - 开始综合分析...
2025-06-30 15:21:04,342 - __main__ - INFO - 进行物理约束验证...
2025-06-30 15:21:04,480 - __main__ - INFO - 进行异常检测...
2025-06-30 15:21:04,768 - __main__ - INFO - 进行稳态识别...
2025-06-30 15:21:04,775 - __main__ - INFO - 进行相似工况分析...
2025-06-30 15:21:07,499 - __main__ - INFO - 综合分析完成
2025-06-30 15:21:07,500 - __main__ - INFO - 开始生成分析报告...
2025-06-30 15:21:10,535 - utils.report_generator - INFO - PDF报告已生成: reports\analysis_report_20250630_152109.pdf
2025-06-30 15:21:10,536 - __main__ - INFO - 报告已保存至: reports\analysis_report_20250630_152109.pdf
2025-06-30 15:21:10,536 - __main__ - INFO - 分析完成，报告已生成
2025-06-30 15:44:15,512 - __main__ - INFO - 系统初始化...
2025-06-30 15:44:15,514 - __main__ - INFO - 开始加载数据...
2025-06-30 15:44:15,520 - __main__ - INFO - 进行数据质量分析...
2025-06-30 15:44:15,544 - __main__ - INFO - 进行数据清洗...
2025-06-30 15:44:15,544 - __main__ - INFO - 数据处理完成。原始数据: (1000, 8), 清洗后数据: (1000, 8)
2025-06-30 15:44:15,544 - __main__ - INFO - 开始综合分析...
2025-06-30 15:44:15,544 - __main__ - INFO - 进行物理约束验证...
2025-06-30 15:44:15,721 - __main__ - INFO - 进行异常检测...
2025-06-30 15:44:16,097 - __main__ - INFO - 进行稳态识别...
2025-06-30 15:44:16,102 - __main__ - INFO - 进行相似工况分析...
2025-06-30 15:44:19,231 - __main__ - INFO - 综合分析完成
2025-06-30 15:44:19,231 - __main__ - INFO - 开始生成分析报告...
2025-06-30 15:44:23,772 - utils.report_generator - INFO - PDF报告已生成: reports\analysis_report_20250630_154422.pdf
2025-06-30 15:44:23,772 - __main__ - INFO - 报告已保存至: reports\analysis_report_20250630_154422.pdf
2025-06-30 15:44:23,772 - __main__ - INFO - 分析完成，报告已生成
2025-07-01 14:14:22,933 - __main__ - INFO - 系统初始化...
2025-07-01 14:14:22,936 - __main__ - INFO - 加载数据并进行预处理...
2025-07-01 14:14:23,004 - __main__ - INFO - 数据处理完成。原始数据: (1000, 8), 清洗后数据: (1000, 8)
2025-07-01 14:14:23,004 - __main__ - INFO - 开始综合分析...
2025-07-01 14:14:26,437 - __main__ - INFO - 综合分析完成
2025-07-01 14:14:26,438 - __main__ - INFO - 生成分析报告...
2025-07-01 14:14:29,806 - utils.report_generator - INFO - PDF报告已生成: reports\analysis_report_20250701_141428.pdf
2025-07-01 14:14:29,807 - __main__ - INFO - 报告已保存至: reports\analysis_report_20250701_141428.pdf
2025-07-01 14:14:29,807 - __main__ - INFO - 分析完成，报告已生成
2025-07-01 14:39:17,891 - __main__ - INFO - 系统初始化...
2025-07-01 14:39:17,895 - __main__ - INFO - 开始加载数据...
2025-07-01 14:39:17,904 - __main__ - INFO - 进行数据质量分析...
2025-07-01 14:39:17,922 - __main__ - INFO - 进行数据清洗...
2025-07-01 14:39:17,925 - __main__ - INFO - 数据处理完成。原始数据: (1000, 8), 清洗后数据: (1000, 8)
2025-07-01 14:39:17,926 - __main__ - INFO - 开始综合分析...
2025-07-01 14:39:17,926 - __main__ - INFO - 进行物理约束验证...
2025-07-01 14:39:18,062 - __main__ - INFO - 进行异常检测...
2025-07-01 14:39:18,362 - __main__ - INFO - 进行稳态识别...
2025-07-01 14:39:18,370 - __main__ - INFO - 进行相似工况分析...
2025-07-01 14:39:21,001 - __main__ - INFO - 综合分析完成
2025-07-01 14:39:21,002 - __main__ - INFO - 开始生成分析报告...
2025-07-01 14:39:22,857 - utils.report_generator - INFO - 开始生成PDF报告...
2025-07-01 14:39:23,031 - utils.report_generator - ERROR - 生成PDF报告时出错: 'Figure' object does not support the context manager protocol
2025-07-01 14:39:23,032 - __main__ - ERROR - 处理过程未完成
2025-07-01 14:41:40,467 - __main__ - INFO - 系统初始化...
2025-07-01 14:41:40,469 - utils.report_generator - INFO - 使用 matplotlib 版本: 3.10.3
2025-07-01 14:41:40,470 - __main__ - INFO - 开始加载数据...
2025-07-01 14:41:40,479 - __main__ - INFO - 进行数据质量分析...
2025-07-01 14:41:40,495 - __main__ - INFO - 进行数据清洗...
2025-07-01 14:41:40,498 - __main__ - INFO - 数据处理完成。原始数据: (1000, 8), 清洗后数据: (1000, 8)
2025-07-01 14:41:40,499 - __main__ - INFO - 开始综合分析...
2025-07-01 14:41:40,499 - __main__ - INFO - 进行物理约束验证...
2025-07-01 14:41:40,628 - __main__ - INFO - 进行异常检测...
2025-07-01 14:41:40,937 - __main__ - INFO - 进行稳态识别...
2025-07-01 14:41:40,944 - __main__ - INFO - 进行相似工况分析...
2025-07-01 14:41:43,659 - __main__ - INFO - 综合分析完成
2025-07-01 14:41:43,660 - __main__ - INFO - 开始生成分析报告...
2025-07-01 14:41:45,459 - utils.report_generator - INFO - 开始生成PDF报告...
2025-07-01 14:41:46,644 - utils.report_generator - INFO - 成功添加 4 个图表
2025-07-01 14:41:46,645 - utils.report_generator - INFO - 成功添加 8 条建议
2025-07-01 14:41:46,645 - utils.report_generator - INFO - PDF报告已生成: reports\analysis_report_20250701_144145.pdf
2025-07-01 14:41:46,646 - __main__ - INFO - 报告已保存至: reports\analysis_report_20250701_144145.pdf
2025-07-01 14:41:46,647 - __main__ - INFO - 分析完成，报告已生成
